#
# A fatal error has been detected by the Java Runtime Environment:
#
#  EXCEPTION_ACCESS_VIOLATION (0xc0000005) at pc=0x000000006aa93541, pid=10472, tid=0x00000000000014a4
#
# JRE version: Java(TM) SE Runtime Environment (8.0_152-b16) (build 1.8.0_152-b16)
# Java VM: Java HotSpot(TM) 64-Bit Server VM (25.152-b16 mixed mode windows-amd64 compressed oops)
# Problematic frame:
# V  [jvm.dll+0x133541]
#
# Failed to write core dump. Minidumps are not enabled by default on client versions of Windows
#
# If you would like to submit a bug report, please visit:
#   http://bugreport.java.com/bugreport/crash.jsp
#

---------------  T H R E A D  ---------------

Current thread (0x0000000003242800):  JavaThread "main" [_thread_in_vm, id=5284, stack(0x0000000003090000,0x0000000003190000)]

siginfo: ExceptionCode=0xc0000005, reading address 0x00000007c20da350

Registers:
RAX=0x000000076ba0dc00, RBX=0x000000076b96a360, RCX=0x0000000000000030, RDX=0x0000000000000001
RSP=0x000000000318e810, RBP=0x000000076ba1fd58, RSI=0x000000076ba2a200, RDI=0xfffffffffffe3a10
R8 =0x00000007c20da320, R9 =0x0000000000000003, R10=0x0000000000000000, R11=0x0000000000000001
R12=0x00000007c00da320, R13=0x000000000000378f, R14=0x00000000ed72d46c, R15=0x0000000003252f10
RIP=0x000000006aa93541, EFLAGS=0x0000000000010202

Top of Stack: (sp=0x000000000318e810)
0x000000000318e810:   000000001c3481d8 0000000003242800
0x000000000318e820:   00000000ffffffff 00000000032570c0
0x000000000318e830:   000000001c3481d8 0000000000000000
0x000000000318e840:   000000000318e8d9 000000006aa1ae58
0x000000000318e850:   0000000003242800 000000000318e988
0x000000000318e860:   000000000318e9b8 000000000000000c
0x000000000318e870:   000000000000000c 000000006aa93f27
0x000000000318e880:   0000000000000000 000000076ba115a4
0x000000000318e890:   00000007c00117a8 000000076ba03758
0x000000000318e8a0:   000000076ba1fd58 000000000000378f
0x000000000318e8b0:   0000000003242800 000000000318e9e0
0x000000000318e8c0:   0000000000000000 000000006aadc6e2
0x000000000318e8d0:   0000000003242800 000000000318e958
0x000000000318e8e0:   0000000000000000 000000000318e9a0
0x000000000318e8f0:   0000000700000000 000000070000378f
0x000000000318e900:   0000000003242800 0000000003242800 

Instructions: (pc=0x000000006aa93541)
0x000000006aa93521:   6b 12 67 00 84 d2 74 0f 44 8b 43 08 41 8b c9 49
0x000000006aa93531:   d3 e0 4d 03 c2 eb 04 4c 8b 43 08 41 8b 4c 24 0c
0x000000006aa93541:   4e 39 24 01 74 14 83 f9 18 75 55 49 8b d4 49 8b
0x000000006aa93551:   c8 e8 c9 20 ff ff 84 c0 74 46 41 83 7f 0c 01 74 


Register to memory mapping:

RAX=0x000000076ba0dc00 is an unknown value
RBX=0x000000076b96a360 is an oop

[error occurred during error reporting (printing register info), id 0xc0000005]

Stack: [0x0000000003090000,0x0000000003190000],  sp=0x000000000318e810,  free space=1018k
Native frames: (J=compiled Java code, j=interpreted, Vv=VM code, C=native code)
V  [jvm.dll+0x133541]
V  [jvm.dll+0x133f27]
V  [jvm.dll+0x17c6e2]
C  0x000000000344dd79

Java frames: (J=compiled Java code, j=interpreted, Vv=VM code)
J 11  java.lang.System.arraycopy(Ljava/lang/Object;ILjava/lang/Object;II)V (0 bytes) @ 0x000000000344dcfb [0x000000000344dc80+0x7b]
j  java.util.ArrayList.toArray([Ljava/lang/Object;)[Ljava/lang/Object;+39
j  com.sun.tools.javac.file.ZipFileIndex$ZipDirectory.buildIndex()V+160
j  com.sun.tools.javac.file.ZipFileIndex$ZipDirectory.access$000(Lcom/sun/tools/javac/file/ZipFileIndex$ZipDirectory;)V+1
j  com.sun.tools.javac.file.ZipFileIndex.checkIndex()V+99
j  com.sun.tools.javac.file.ZipFileIndex.<init>(Ljava/io/File;Lcom/sun/tools/javac/file/RelativePath$RelativeDirectory;ZZLjava/lang/String;)V+130
j  com.sun.tools.javac.file.ZipFileIndexCache.getZipFileIndex(Ljava/io/File;Lcom/sun/tools/javac/file/RelativePath$RelativeDirectory;ZLjava/lang/String;Z)Lcom/sun/tools/javac/file/ZipFileIndex;+41
j  com.sun.tools.javac.file.JavacFileManager.openArchive(Ljava/io/File;Z)Lcom/sun/tools/javac/file/JavacFileManager$Archive;+421
j  com.sun.tools.javac.file.JavacFileManager.openArchive(Ljava/io/File;)Lcom/sun/tools/javac/file/JavacFileManager$Archive;+6
j  com.sun.tools.javac.file.JavacFileManager.listContainer(Ljava/io/File;Lcom/sun/tools/javac/file/RelativePath$RelativeDirectory;Ljava/util/Set;ZLcom/sun/tools/javac/util/ListBuffer;)V+45
j  com.sun.tools.javac.file.JavacFileManager.list(Ljavax/tools/JavaFileManager$Location;Ljava/lang/String;Ljava/util/Set;Z)Ljava/lang/Iterable;+82
j  com.sun.tools.javac.jvm.ClassReader.fillIn(Lcom/sun/tools/javac/code/Symbol$PackageSymbol;)V+52
j  com.sun.tools.javac.jvm.ClassReader.complete(Lcom/sun/tools/javac/code/Symbol;)V+88
j  com.sun.tools.javac.jvm.ClassReader.access$000(Lcom/sun/tools/javac/jvm/ClassReader;Lcom/sun/tools/javac/code/Symbol;)V+2
j  com.sun.tools.javac.jvm.ClassReader$1.complete(Lcom/sun/tools/javac/code/Symbol;)V+5
j  com.sun.tools.javac.code.Symbol.complete()V+19
j  com.sun.tools.javac.comp.Enter.visitTopLevel(Lcom/sun/tools/javac/tree/JCTree$JCCompilationUnit;)V+146
j  com.sun.tools.javac.tree.JCTree$JCCompilationUnit.accept(Lcom/sun/tools/javac/tree/JCTree$Visitor;)V+2
j  com.sun.tools.javac.comp.Enter.classEnter(Lcom/sun/tools/javac/tree/JCTree;Lcom/sun/tools/javac/comp/Env;)Lcom/sun/tools/javac/code/Type;+12
j  com.sun.tools.javac.comp.Enter.classEnter(Lcom/sun/tools/javac/util/List;Lcom/sun/tools/javac/comp/Env;)Lcom/sun/tools/javac/util/List;+29
j  com.sun.tools.javac.comp.Enter.complete(Lcom/sun/tools/javac/util/List;Lcom/sun/tools/javac/code/Symbol$ClassSymbol;)V+36
j  com.sun.tools.javac.comp.Enter.main(Lcom/sun/tools/javac/util/List;)V+3
j  com.sun.tools.javac.main.JavaCompiler.enterTrees(Lcom/sun/tools/javac/util/List;)Lcom/sun/tools/javac/util/List;+64
j  com.sun.tools.javac.main.JavaCompiler.compile(Lcom/sun/tools/javac/util/List;Lcom/sun/tools/javac/util/List;Ljava/lang/Iterable;)V+151
j  com.sun.tools.javac.main.Main.compile([Ljava/lang/String;[Ljava/lang/String;Lcom/sun/tools/javac/util/Context;Lcom/sun/tools/javac/util/List;Ljava/lang/Iterable;)Lcom/sun/tools/javac/main/Main$Result;+1299
j  com.sun.tools.javac.main.Main.compile([Ljava/lang/String;Lcom/sun/tools/javac/util/Context;Lcom/sun/tools/javac/util/List;Ljava/lang/Iterable;)Lcom/sun/tools/javac/main/Main$Result;+7
j  com.sun.tools.javac.main.Main.compile([Ljava/lang/String;Lcom/sun/tools/javac/util/Context;)Lcom/sun/tools/javac/main/Main$Result;+7
j  com.sun.tools.javac.main.Main.compile([Ljava/lang/String;)Lcom/sun/tools/javac/main/Main$Result;+15
j  com.sun.tools.javac.Main.compile([Ljava/lang/String;)I+12
j  com.sun.tools.javac.Main.main([Ljava/lang/String;)V+1
v  ~StubRoutines::call_stub

---------------  P R O C E S S  ---------------

Java Threads: ( => current thread )
  0x000000001e25b800 JavaThread "Service Thread" daemon [_thread_blocked, id=7668, stack(0x000000001e630000,0x000000001e730000)]
  0x000000001c8c6800 JavaThread "C1 CompilerThread2" daemon [_thread_blocked, id=8988, stack(0x000000001e130000,0x000000001e230000)]
  0x000000001c8c3800 JavaThread "C2 CompilerThread1" daemon [_thread_blocked, id=9688, stack(0x000000001e030000,0x000000001e130000)]
  0x000000001c8bc800 JavaThread "C2 CompilerThread0" daemon [_thread_blocked, id=10276, stack(0x000000001df30000,0x000000001e030000)]
  0x000000001c8bb000 JavaThread "Attach Listener" daemon [_thread_blocked, id=8188, stack(0x000000001de30000,0x000000001df30000)]
  0x000000001c8ba000 JavaThread "Signal Dispatcher" daemon [_thread_blocked, id=7660, stack(0x000000001dd30000,0x000000001de30000)]
  0x000000000333d000 JavaThread "Finalizer" daemon [_thread_blocked, id=10844, stack(0x000000001db30000,0x000000001dc30000)]
  0x0000000003332000 JavaThread "Reference Handler" daemon [_thread_blocked, id=10620, stack(0x000000001da30000,0x000000001db30000)]
=>0x0000000003242800 JavaThread "main" [_thread_in_vm, id=5284, stack(0x0000000003090000,0x0000000003190000)]

Other Threads:
  0x000000001c887000 VMThread [stack: 0x000000001d930000,0x000000001da30000] [id=9764]
  0x000000001c91e800 WatcherThread [stack: 0x000000001e730000,0x000000001e830000] [id=11068]

VM state:not at safepoint (normal execution)

VM Mutex/Monitor currently owned by a thread: None

Heap:
 PSYoungGen      total 6656K, used 5334K [0x000000076b600000, 0x000000076bf00000, 0x00000007c0000000)
  eden space 5632K, 76% used [0x000000076b600000,0x000000076ba35bf0,0x000000076bb80000)
  from space 1024K, 100% used [0x000000076bd00000,0x000000076be00000,0x000000076be00000)
  to   space 1536K, 0% used [0x000000076bb80000,0x000000076bb80000,0x000000076bd00000)
 ParOldGen       total 5632K, used 1080K [0x00000006c2200000, 0x00000006c2780000, 0x000000076b600000)
  object space 5632K, 19% used [0x00000006c2200000,0x00000006c230e068,0x00000006c2780000)
 Metaspace       used 7228K, capacity 8084K, committed 8448K, reserved 1056768K
  class space    used 884K, capacity 912K, committed 1024K, reserved 1048576K

Card table byte_map: [0x0000000012700000,0x0000000012ef0000] byte_map_base: 0x000000000f0ef000

Marking Bits: (ParMarkBitMap*) 0x000000006b180860
 Begin Bits: [0x0000000013840000, 0x00000000177b8000)
 End Bits:   [0x00000000177b8000, 0x000000001b730000)

Polling page: 0x0000000002960000

CodeCache: size=245760Kb used=2147Kb max_used=2169Kb free=243612Kb
 bounds [0x0000000003340000, 0x00000000035b0000, 0x0000000012340000]
 total_blobs=703 nmethods=418 adapters=198
 compilation: enabled

Compilation events (10 events):
Event: 0.396 Thread 0x000000001c8c3800 nmethod 405 0x000000000354f9d0 code [0x000000000354fb20, 0x000000000354fc38]
Event: 0.396 Thread 0x000000001c8c3800  407   !   4       java.lang.StringCoding::decode (120 bytes)
Event: 0.401 Thread 0x000000001c8c3800 nmethod 407 0x0000000003550850 code [0x0000000003550a20, 0x00000000035511c0]
Event: 0.401 Thread 0x000000001c8c3800  408   !   4       java.lang.StringCoding$StringDecoder::decode (179 bytes)
Event: 0.403 Thread 0x000000001c8c3800 nmethod 408 0x0000000003554550 code [0x00000000035546a0, 0x00000000035548c8]
Event: 0.403 Thread 0x000000001c8c3800  409       4       java.util.LinkedHashMap::get (33 bytes)
Event: 0.406 Thread 0x000000001c8c3800 nmethod 409 0x000000000354e410 code [0x000000000354e580, 0x000000000354ea58]
Event: 0.406 Thread 0x000000001c8c3800  399       4       java.lang.String::getChars (62 bytes)
Event: 0.407 Thread 0x000000001c8c3800 nmethod 399 0x0000000003550410 code [0x0000000003550560, 0x00000000035506d8]
Event: 0.432 Thread 0x000000001c8bc800 nmethod 371% 0x000000000355c610 code [0x000000000355caa0, 0x000000000355f8e8]

GC Heap History (10 events):
Event: 0.165 GC heap before
{Heap before GC invocations=2 (full 0):
 PSYoungGen      total 2048K, used 2004K [0x000000076b600000, 0x000000076b880000, 0x00000007c0000000)
  eden space 1536K, 99% used [0x000000076b600000,0x000000076b77d320,0x000000076b780000)
  from space 512K, 93% used [0x000000076b780000,0x000000076b7f8020,0x000000076b800000)
  to   space 512K, 0% used [0x000000076b800000,0x000000076b800000,0x000000076b880000)
 ParOldGen       total 5632K, used 48K [0x00000006c2200000, 0x00000006c2780000, 0x000000076b600000)
  object space 5632K, 0% used [0x00000006c2200000,0x00000006c220c000,0x00000006c2780000)
 Metaspace       used 4076K, capacity 5324K, committed 5504K, reserved 1056768K
  class space    used 483K, capacity 520K, committed 640K, reserved 1048576K
Event: 0.167 GC heap after
Heap after GC invocations=2 (full 0):
 PSYoungGen      total 2048K, used 496K [0x000000076b600000, 0x000000076ba00000, 0x00000007c0000000)
  eden space 1536K, 0% used [0x000000076b600000,0x000000076b600000,0x000000076b780000)
  from space 512K, 96% used [0x000000076b800000,0x000000076b87c030,0x000000076b880000)
  to   space 512K, 0% used [0x000000076b780000,0x000000076b780000,0x000000076b800000)
 ParOldGen       total 5632K, used 112K [0x00000006c2200000, 0x00000006c2780000, 0x000000076b600000)
  object space 5632K, 1% used [0x00000006c2200000,0x00000006c221c000,0x00000006c2780000)
 Metaspace       used 4076K, capacity 5324K, committed 5504K, reserved 1056768K
  class space    used 483K, capacity 520K, committed 640K, reserved 1048576K
}
Event: 0.221 GC heap before
{Heap before GC invocations=3 (full 0):
 PSYoungGen      total 2048K, used 2032K [0x000000076b600000, 0x000000076ba00000, 0x00000007c0000000)
  eden space 1536K, 100% used [0x000000076b600000,0x000000076b780000,0x000000076b780000)
  from space 512K, 96% used [0x000000076b800000,0x000000076b87c030,0x000000076b880000)
  to   space 512K, 0% used [0x000000076b780000,0x000000076b780000,0x000000076b800000)
 ParOldGen       total 5632K, used 112K [0x00000006c2200000, 0x00000006c2780000, 0x000000076b600000)
  object space 5632K, 1% used [0x00000006c2200000,0x00000006c221c000,0x00000006c2780000)
 Metaspace       used 4532K, capacity 5772K, committed 6016K, reserved 1056768K
  class space    used 553K, capacity 584K, committed 640K, reserved 1048576K
Event: 0.222 GC heap after
Heap after GC invocations=3 (full 0):
 PSYoungGen      total 2048K, used 480K [0x000000076b600000, 0x000000076ba00000, 0x00000007c0000000)
  eden space 1536K, 0% used [0x000000076b600000,0x000000076b600000,0x000000076b780000)
  from space 512K, 93% used [0x000000076b780000,0x000000076b7f8020,0x000000076b800000)
  to   space 512K, 0% used [0x000000076b980000,0x000000076b980000,0x000000076ba00000)
 ParOldGen       total 5632K, used 548K [0x00000006c2200000, 0x00000006c2780000, 0x000000076b600000)
  object space 5632K, 9% used [0x00000006c2200000,0x00000006c2289030,0x00000006c2780000)
 Metaspace       used 4532K, capacity 5772K, committed 6016K, reserved 1056768K
  class space    used 553K, capacity 584K, committed 640K, reserved 1048576K
}
Event: 0.250 GC heap before
{Heap before GC invocations=4 (full 0):
 PSYoungGen      total 2048K, used 1957K [0x000000076b600000, 0x000000076ba00000, 0x00000007c0000000)
  eden space 1536K, 96% used [0x000000076b600000,0x000000076b7716c8,0x000000076b780000)
  from space 512K, 93% used [0x000000076b780000,0x000000076b7f8020,0x000000076b800000)
  to   space 512K, 0% used [0x000000076b980000,0x000000076b980000,0x000000076ba00000)
 ParOldGen       total 5632K, used 548K [0x00000006c2200000, 0x00000006c2780000, 0x000000076b600000)
  object space 5632K, 9% used [0x00000006c2200000,0x00000006c2289030,0x00000006c2780000)
 Metaspace       used 5009K, capacity 6220K, committed 6400K, reserved 1056768K
  class space    used 613K, capacity 648K, committed 768K, reserved 1048576K
Event: 0.250 GC heap after
Heap after GC invocations=4 (full 0):
 PSYoungGen      total 3584K, used 511K [0x000000076b600000, 0x000000076ba00000, 0x00000007c0000000)
  eden space 3072K, 0% used [0x000000076b600000,0x000000076b600000,0x000000076b900000)
  from space 512K, 99% used [0x000000076b980000,0x000000076b9ffc30,0x000000076ba00000)
  to   space 512K, 0% used [0x000000076b900000,0x000000076b900000,0x000000076b980000)
 ParOldGen       total 5632K, used 596K [0x00000006c2200000, 0x00000006c2780000, 0x000000076b600000)
  object space 5632K, 10% used [0x00000006c2200000,0x00000006c2295030,0x00000006c2780000)
 Metaspace       used 5009K, capacity 6220K, committed 6400K, reserved 1056768K
  class space    used 613K, capacity 648K, committed 768K, reserved 1048576K
}
Event: 0.306 GC heap before
{Heap before GC invocations=5 (full 0):
 PSYoungGen      total 3584K, used 3583K [0x000000076b600000, 0x000000076ba00000, 0x00000007c0000000)
  eden space 3072K, 100% used [0x000000076b600000,0x000000076b900000,0x000000076b900000)
  from space 512K, 99% used [0x000000076b980000,0x000000076b9ffc30,0x000000076ba00000)
  to   space 512K, 0% used [0x000000076b900000,0x000000076b900000,0x000000076b980000)
 ParOldGen       total 5632K, used 596K [0x00000006c2200000, 0x00000006c2780000, 0x000000076b600000)
  object space 5632K, 10% used [0x00000006c2200000,0x00000006c2295030,0x00000006c2780000)
 Metaspace       used 6056K, capacity 7182K, committed 7552K, reserved 1056768K
  class space    used 756K, capacity 778K, committed 896K, reserved 1048576K
Event: 0.307 GC heap after
Heap after GC invocations=5 (full 0):
 PSYoungGen      total 3584K, used 480K [0x000000076b600000, 0x000000076be00000, 0x00000007c0000000)
  eden space 3072K, 0% used [0x000000076b600000,0x000000076b600000,0x000000076b900000)
  from space 512K, 93% used [0x000000076b900000,0x000000076b978020,0x000000076b980000)
  to   space 1024K, 0% used [0x000000076bd00000,0x000000076bd00000,0x000000076be00000)
 ParOldGen       total 5632K, used 932K [0x00000006c2200000, 0x00000006c2780000, 0x000000076b600000)
  object space 5632K, 16% used [0x00000006c2200000,0x00000006c22e9060,0x00000006c2780000)
 Metaspace       used 6056K, capacity 7182K, committed 7552K, reserved 1056768K
  class space    used 756K, capacity 778K, committed 896K, reserved 1048576K
}
Event: 0.377 GC heap before
{Heap before GC invocations=6 (full 0):
 PSYoungGen      total 3584K, used 3523K [0x000000076b600000, 0x000000076be00000, 0x00000007c0000000)
  eden space 3072K, 99% used [0x000000076b600000,0x000000076b8f8f48,0x000000076b900000)
  from space 512K, 93% used [0x000000076b900000,0x000000076b978020,0x000000076b980000)
  to   space 1024K, 0% used [0x000000076bd00000,0x000000076bd00000,0x000000076be00000)
 ParOldGen       total 5632K, used 932K [0x00000006c2200000, 0x00000006c2780000, 0x000000076b600000)
  object space 5632K, 16% used [0x00000006c2200000,0x00000006c22e9060,0x00000006c2780000)
 Metaspace       used 7218K, capacity 8084K, committed 8448K, reserved 1056768K
  class space    used 884K, capacity 912K, committed 1024K, reserved 1048576K
Event: 0.379 GC heap after
Heap after GC invocations=6 (full 0):
 PSYoungGen      total 6656K, used 1024K [0x000000076b600000, 0x000000076bf00000, 0x00000007c0000000)
  eden space 5632K, 0% used [0x000000076b600000,0x000000076b600000,0x000000076bb80000)
  from space 1024K, 100% used [0x000000076bd00000,0x000000076be00000,0x000000076be00000)
  to   space 1536K, 0% used [0x000000076bb80000,0x000000076bb80000,0x000000076bd00000)
 ParOldGen       total 5632K, used 1080K [0x00000006c2200000, 0x00000006c2780000, 0x000000076b600000)
  object space 5632K, 19% used [0x00000006c2200000,0x00000006c230e068,0x00000006c2780000)
 Metaspace       used 7218K, capacity 8084K, committed 8448K, reserved 1056768K
  class space    used 884K, capacity 912K, committed 1024K, reserved 1048576K
}

Deoptimization events (3 events):
Event: 0.333 Thread 0x0000000003242800 Uncommon trap: reason=unstable_if action=reinterpret pc=0x00000000034c3438 method=java.lang.String.replace(CC)Ljava/lang/String; @ 26
Event: 0.335 Thread 0x0000000003242800 Uncommon trap: reason=class_check action=maybe_recompile pc=0x00000000034e5a04 method=sun.misc.URLClassPath.getLoader(I)Lsun/misc/URLClassPath$Loader; @ 94
Event: 0.335 Thread 0x0000000003242800 Uncommon trap: reason=unstable_if action=reinterpret pc=0x00000000034f6970 method=java.lang.String.indexOf([CII[CIII)I @ 134

Classes redefined (0 events):
No events

Internal exceptions (8 events):
Event: 0.033 Thread 0x0000000003242800 Exception <a 'java/lang/NoSuchMethodError': Method sun.misc.Unsafe.defineClass(Ljava/lang/String;[BII)Ljava/lang/Class; name or signature does not match> (0x000000076b607cd8) thrown at [C:\re\workspace\8-2-build-windows-amd64-cygwin\jdk8u152\9742\hotspot\
Event: 0.033 Thread 0x0000000003242800 Exception <a 'java/lang/NoSuchMethodError': Method sun.misc.Unsafe.prefetchRead(Ljava/lang/Object;J)V name or signature does not match> (0x000000076b607fc0) thrown at [C:\re\workspace\8-2-build-windows-amd64-cygwin\jdk8u152\9742\hotspot\src\share\vm\prims
Event: 0.133 Thread 0x0000000003242800 Exception <a 'java/security/PrivilegedActionException'> (0x000000076b60faf8) thrown at [C:\re\workspace\8-2-build-windows-amd64-cygwin\jdk8u152\9742\hotspot\src\share\vm\prims\jvm.cpp, line 1390]
Event: 0.133 Thread 0x0000000003242800 Exception <a 'java/security/PrivilegedActionException'> (0x000000076b60fef0) thrown at [C:\re\workspace\8-2-build-windows-amd64-cygwin\jdk8u152\9742\hotspot\src\share\vm\prims\jvm.cpp, line 1390]
Event: 0.134 Thread 0x0000000003242800 Exception <a 'java/security/PrivilegedActionException'> (0x000000076b613ff8) thrown at [C:\re\workspace\8-2-build-windows-amd64-cygwin\jdk8u152\9742\hotspot\src\share\vm\prims\jvm.cpp, line 1390]
Event: 0.134 Thread 0x0000000003242800 Exception <a 'java/security/PrivilegedActionException'> (0x000000076b6143f0) thrown at [C:\re\workspace\8-2-build-windows-amd64-cygwin\jdk8u152\9742\hotspot\src\share\vm\prims\jvm.cpp, line 1390]
Event: 0.136 Thread 0x0000000003242800 Exception <a 'java/security/PrivilegedActionException'> (0x000000076b649bd8) thrown at [C:\re\workspace\8-2-build-windows-amd64-cygwin\jdk8u152\9742\hotspot\src\share\vm\prims\jvm.cpp, line 1390]
Event: 0.136 Thread 0x0000000003242800 Exception <a 'java/security/PrivilegedActionException'> (0x000000076b649fd0) thrown at [C:\re\workspace\8-2-build-windows-amd64-cygwin\jdk8u152\9742\hotspot\src\share\vm\prims\jvm.cpp, line 1390]

Events (10 events):
Event: 0.375 loading class java/util/Arrays$LegacyMergeSort
Event: 0.375 loading class java/util/Arrays$LegacyMergeSort done
Event: 0.375 loading class sun/security/action/GetBooleanAction
Event: 0.375 loading class sun/security/action/GetBooleanAction done
Event: 0.375 loading class java/util/ComparableTimSort
Event: 0.375 loading class java/util/ComparableTimSort done
Event: 0.376 loading class java/io/RandomAccessFile$1
Event: 0.376 loading class java/io/RandomAccessFile$1 done
Event: 0.377 Executing VM operation: ParallelGCFailedAllocation
Event: 0.379 Executing VM operation: ParallelGCFailedAllocation done


Dynamic libraries:
0x00007ff683d00000 - 0x00007ff683d07000 	C:\Program Files\Java\jdk1.8.0_152\bin\javac.exe
0x00007ffbeaf20000 - 0x00007ffbeb110000 	C:\WINDOWS\SYSTEM32\ntdll.dll
0x00007ffbe9130000 - 0x00007ffbe91e2000 	C:\WINDOWS\System32\KERNEL32.DLL
0x00007ffbe8d30000 - 0x00007ffbe8fd2000 	C:\WINDOWS\System32\KERNELBASE.dll
0x000000006b2e0000 - 0x000000006b3b2000 	C:\Program Files\Java\jdk1.8.0_152\bin\MSVCR100.dll
0x000000006b3c0000 - 0x000000006b3ef000 	C:\Program Files\Java\jdk1.8.0_152\bin\jli.dll
0x00007ffbea1d0000 - 0x00007ffbea273000 	C:\WINDOWS\System32\ADVAPI32.dll
0x00007ffbeaae0000 - 0x00007ffbeab7e000 	C:\WINDOWS\System32\msvcrt.dll
0x00007ffbe9ea0000 - 0x00007ffbe9f37000 	C:\WINDOWS\System32\sechost.dll
0x00007ffbeab80000 - 0x00007ffbeaca0000 	C:\WINDOWS\System32\RPCRT4.dll
0x00007ffbea280000 - 0x00007ffbea413000 	C:\WINDOWS\System32\USER32.dll
0x00007ffbe7eb0000 - 0x00007ffbe7ed1000 	C:\WINDOWS\System32\win32u.dll
0x00007ffbea0d0000 - 0x00007ffbea0f6000 	C:\WINDOWS\System32\GDI32.dll
0x00007ffbe7ee0000 - 0x00007ffbe8074000 	C:\WINDOWS\System32\gdi32full.dll
0x00007ffbe81e0000 - 0x00007ffbe827e000 	C:\WINDOWS\System32\msvcp_win.dll
0x00007ffbe8080000 - 0x00007ffbe817a000 	C:\WINDOWS\System32\ucrtbase.dll
0x00007ffbe72d0000 - 0x00007ffbe7555000 	C:\WINDOWS\WinSxS\amd64_microsoft.windows.common-controls_6595b64144ccf1df_6.0.18362.30_none_a1435978519dce7f\COMCTL32.dll
0x00007ffbea6c0000 - 0x00007ffbea9f6000 	C:\WINDOWS\System32\combase.dll
0x00007ffbe8280000 - 0x00007ffbe8301000 	C:\WINDOWS\System32\bcryptPrimitives.dll
0x00007ffbea040000 - 0x00007ffbea06e000 	C:\WINDOWS\System32\IMM32.DLL
0x00007ffbdaa00000 - 0x00007ffbdaaac000 	C:\Windows\system32\tmumh\20019\AddOn\7.0.0.1169\TmUmEvt64.dll
0x00007ffbe9fc0000 - 0x00007ffbe9fc8000 	C:\WINDOWS\System32\PSAPI.DLL
0x00007ffbea070000 - 0x00007ffbea0c2000 	C:\WINDOWS\System32\SHLWAPI.dll
0x000000006e500000 - 0x000000006e61d000 	C:\Windows\system32\tmumh\20019\TmMon\2.5.0.2090\tmmon64.dll
0x000000006b200000 - 0x000000006b2d2000 	C:\Program Files\Java\jdk1.8.0_152\jre\bin\msvcr100.dll
0x000000006a960000 - 0x000000006b200000 	C:\Program Files\Java\jdk1.8.0_152\jre\bin\server\jvm.dll
0x00007ffbd5c90000 - 0x00007ffbd5c99000 	C:\WINDOWS\SYSTEM32\WSOCK32.dll
0x00007ffbe9fd0000 - 0x00007ffbea03f000 	C:\WINDOWS\System32\WS2_32.dll
0x00007ffbe5250000 - 0x00007ffbe5274000 	C:\WINDOWS\SYSTEM32\WINMM.dll
0x00007ffbe5c60000 - 0x00007ffbe5c6a000 	C:\WINDOWS\SYSTEM32\VERSION.dll
0x00007ffbe5220000 - 0x00007ffbe524d000 	C:\WINDOWS\SYSTEM32\WINMMBASE.dll
0x00007ffbe8ce0000 - 0x00007ffbe8d2a000 	C:\WINDOWS\System32\cfgmgr32.dll
0x000000006a950000 - 0x000000006a95f000 	C:\Program Files\Java\jdk1.8.0_152\jre\bin\verify.dll
0x000000006a920000 - 0x000000006a949000 	C:\Program Files\Java\jdk1.8.0_152\jre\bin\java.dll
0x000000006a900000 - 0x000000006a916000 	C:\Program Files\Java\jdk1.8.0_152\jre\bin\zip.dll
0x00007ffbe9710000 - 0x00007ffbe9df0000 	C:\WINDOWS\System32\SHELL32.dll
0x00007ffbe9df0000 - 0x00007ffbe9e99000 	C:\WINDOWS\System32\shcore.dll
0x00007ffbe8530000 - 0x00007ffbe8cab000 	C:\WINDOWS\System32\windows.storage.dll
0x00007ffbe7e20000 - 0x00007ffbe7e3f000 	C:\WINDOWS\System32\profapi.dll
0x00007ffbe7e40000 - 0x00007ffbe7e8a000 	C:\WINDOWS\System32\powrprof.dll
0x00007ffbe7df0000 - 0x00007ffbe7e00000 	C:\WINDOWS\System32\UMPDC.dll
0x00007ffbe7e90000 - 0x00007ffbe7ea1000 	C:\WINDOWS\System32\kernel.appcore.dll
0x00007ffbe8510000 - 0x00007ffbe8527000 	C:\WINDOWS\System32\cryptsp.dll
0x00007ffbe7910000 - 0x00007ffbe7b04000 	C:\WINDOWS\SYSTEM32\dbghelp.dll

VM Arguments:
jvm_args: -Dapplication.home=C:\Program Files\Java\jdk1.8.0_152 -Xms8m 
java_command: com.sun.tools.javac.Main Thread.java
java_class_path (initial): C:\Program Files\Java\jdk1.8.0_152/lib/tools.jar;C:\Program Files\Java\jdk1.8.0_152/classes
Launcher Type: SUN_STANDARD

Environment Variables:
JAVA_HOME=C:\Program Files\Java\jdk1.8.0_152
PATH=C:\oraclexe\app\oracle\product\11.2.0\server\bin;C:\Program Files (x86)\Common Files\Oracle\Java\javapath;C:\WINDOWS\system32;C:\WINDOWS;C:\WINDOWS\System32\Wbem;C:\WINDOWS\System32\WindowsPowerShell\v1.0\;C:\WINDOWS\System32\OpenSSH\;C:\Program Files\nodejs\;C:\Program Files (x86)\Microsoft SQL Server\150\DTS\Binn\;C:\Program Files\TortoiseGit\bin;C:\Program Files\Git\cmd;C:\Program Files\Java\jdk1.8.0_152\bin;E:\apache-maven-3.6.1\bin;C:\Users\sagar.sinha\AppData\Roaming\npm;C:\Program Files\Java\jdk1.8.0_152\bin;C:\Users\karnika.agarwal\AppData\Local\Microsoft\WindowsApps;
USERNAME=karnika.agarwal
OS=Windows_NT
PROCESSOR_IDENTIFIER=Intel64 Family 6 Model 94 Stepping 3, GenuineIntel



---------------  S Y S T E M  ---------------

OS: Windows 10.0 , 64 bit Build 18362 (10.0.18362.1)

CPU:total 4 (initial active 4) (4 cores per cpu, 1 threads per core) family 6 model 94 stepping 3, cmov, cx8, fxsr, mmx, sse, sse2, sse3, ssse3, sse4.1, sse4.2, popcnt, avx, avx2, aes, clmul, erms, rtm, 3dnowpref, lzcnt, tsc, tscinvbit, bmi1, bmi2, adx

Memory: 4k page, physical 16636436k(9225296k free), swap 33413652k(25849828k free)

vm_info: Java HotSpot(TM) 64-Bit Server VM (25.152-b16) for windows-amd64 JRE (1.8.0_152-b16), built on Sep 14 2017 02:29:36 by "java_re" with MS VC++ 10.0 (VS2010)

time: Sat Oct 12 16:08:58 2019
elapsed time: 0 seconds (0d 0h 0m 0s)

