#
# A fatal error has been detected by the Java Runtime Environment:
#
#  EXCEPTION_ACCESS_VIOLATION (0xc0000005) at pc=0x000000006aa0fed0, pid=6764, tid=0x0000000000002b2c
#
# JRE version: Java(TM) SE Runtime Environment (8.0_152-b16) (build 1.8.0_152-b16)
# Java VM: Java HotSpot(TM) 64-Bit Server VM (25.152-b16 mixed mode windows-amd64 compressed oops)
# Problematic frame:
# V  [jvm.dll+0xafed0]
#
# Failed to write core dump. Minidumps are not enabled by default on client versions of Windows
#
# If you would like to submit a bug report, please visit:
#   http://bugreport.java.com/bugreport/crash.jsp
#

---------------  T H R E A D  ---------------

Current thread (0x0000000002f49000):  GCTaskThread [stack: 0x0000000013230000,0x0000000013330000] [id=11052]

siginfo: ExceptionCode=0xc0000005, reading address 0x00000007c40016d8

Registers:
RAX=0x0000000000000001, RBX=0x000000076b6fa6c8, RCX=0x000000076b6fa6c8, RDX=0x00000007c40016d0
RSP=0x000000001332f708, RBP=0x0000000000000000, RSI=0x000000000301e140, RDI=0x000000001e02ef60
R8 =0x000000000301e140, R9 =0x0000000000000006, R10=0x0000000000000008, R11=0x000000076b7cfff0
R12=0x000000006afb8568, R13=0x0000000000000001, R14=0x0000000000000000, R15=0x0000000002f49490
RIP=0x000000006aa0fed0, EFLAGS=0x0000000000010202

Top of Stack: (sp=0x000000001332f708)
0x000000001332f708:   000000006ad616c2 000000076b6fa748
0x000000001332f718:   0000000000000004 000000000301e140
0x000000001332f728:   0000000002f3df00 000000076b7c8000
0x000000001332f738:   000000006ad61e0b 000000076b790a30
0x000000001332f748:   0000000000000000 0000000000000000
0x000000001332f758:   0000000002f3df01 000000006afb8568
0x000000001332f768:   000000006ad61a30 000000076b7cb918
0x000000001332f778:   0000000000000000 000000000301e140
0x000000001332f788:   000000001e02ef60 000000076b7cb918
0x000000001332f798:   000000006ad62405 000000076b73fa98
0x000000001332f7a8:   0000000000000000 000000000301e140
0x000000001332f7b8:   0000000002f32800 0000000002f3df01
0x000000001332f7c8:   000000006ab76e6d 000080faec1b18d2
0x000000001332f7d8:   000000006ab777c4 0000000002f49480
0x000000001332f7e8:   0000000002f3df30 0000000002f308d0
0x000000001332f7f8:   000000006ab7d992 0000000002f49000 

Instructions: (pc=0x000000006aa0fed0)
0x000000006aa0feb0:   1c bf 1d 00 48 8b 9c 24 d0 00 00 00 48 81 c4 c0
0x000000006aa0fec0:   00 00 00 5d c3 cc cc cc cc cc cc cc cc cc cc cc
0x000000006aa0fed0:   44 8b 42 08 4c 8b ca 45 85 c0 7e 0e 41 f6 c0 01
0x000000006aa0fee0:   75 57 41 c1 f8 03 41 8b c0 c3 79 4d 80 3d ee 15 


Register to memory mapping:

RAX=0x0000000000000001 is an unknown value
RBX=0x000000076b6fa6c8 is an oop

[error occurred during error reporting (printing register info), id 0xc0000005]

Stack: [0x0000000013230000,0x0000000013330000],  sp=0x000000001332f708,  free space=1021k
Native frames: (J=compiled Java code, j=interpreted, Vv=VM code, C=native code)


---------------  P R O C E S S  ---------------

Java Threads: ( => current thread )
  0x000000001df90800 JavaThread "Service Thread" daemon [_thread_blocked, id=5304, stack(0x000000001e370000,0x000000001e470000)]
  0x000000001c60b800 JavaThread "C1 CompilerThread2" daemon [_thread_blocked, id=8564, stack(0x000000001de70000,0x000000001df70000)]
  0x000000001c603800 JavaThread "C2 CompilerThread1" daemon [_thread_blocked, id=10588, stack(0x000000001dd70000,0x000000001de70000)]
  0x000000001c5fd800 JavaThread "C2 CompilerThread0" daemon [_thread_blocked, id=9868, stack(0x000000001dc70000,0x000000001dd70000)]
  0x000000001c5fc000 JavaThread "Attach Listener" daemon [_thread_blocked, id=8272, stack(0x000000001db70000,0x000000001dc70000)]
  0x000000001c5fb000 JavaThread "Signal Dispatcher" daemon [_thread_blocked, id=2592, stack(0x000000001da70000,0x000000001db70000)]
  0x000000001c5ea800 JavaThread "Finalizer" daemon [_thread_blocked, id=3520, stack(0x000000001d870000,0x000000001d970000)]
  0x0000000003022000 JavaThread "Reference Handler" daemon [_thread_blocked, id=380, stack(0x000000001d770000,0x000000001d870000)]
  0x0000000002f32800 JavaThread "main" [_thread_blocked, id=268, stack(0x0000000002e20000,0x0000000002f20000)]

Other Threads:
  0x000000001c5c6800 VMThread [stack: 0x000000001d670000,0x000000001d770000] [id=10604]
  0x000000001dfb5800 WatcherThread [stack: 0x000000001e470000,0x000000001e570000] [id=10752]

=>0x0000000002f49000 (exited) GCTaskThread [stack: 0x0000000013230000,0x0000000013330000] [id=11052]

VM state:at safepoint (normal execution)

VM Mutex/Monitor currently owned by a thread:  ([mutex/lock_event])
[0x000000000271d8f0] Threads_lock - owner thread: 0x000000001c5c6800
[0x000000000271db70] Heap_lock - owner thread: 0x0000000002f32800

Heap:
 PSYoungGen      total 2048K, used 1536K [0x000000076b600000, 0x000000076b880000, 0x00000007c0000000)
  eden space 1536K, 100% used [0x000000076b600000,0x000000076b780000,0x000000076b780000)
  from space 512K, 0% used [0x000000076b800000,0x000000076b800000,0x000000076b880000)
  to   space 512K, 62% used [0x000000076b780000,0x000000076b7d0000,0x000000076b800000)
 ParOldGen       total 5632K, used 8K [0x00000006c2200000, 0x00000006c2780000, 0x000000076b600000)
  object space 5632K, 0% used [0x00000006c2200000,0x00000006c2202000,0x00000006c2780000)
 Metaspace       used 3399K, capacity 4812K, committed 5120K, reserved 1056768K
  class space    used 392K, capacity 456K, committed 512K, reserved 1048576K

Card table byte_map: [0x00000000123f0000,0x0000000012be0000] byte_map_base: 0x000000000eddf000

Marking Bits: (ParMarkBitMap*) 0x000000006b180860
 Begin Bits: [0x0000000013530000, 0x00000000174a8000)
 End Bits:   [0x00000000174a8000, 0x000000001b420000)

Polling page: 0x0000000000db0000

CodeCache: size=245760Kb used=1273Kb max_used=1273Kb free=244486Kb
 bounds [0x0000000003030000, 0x00000000032a0000, 0x0000000012030000]
 total_blobs=344 nmethods=104 adapters=153
 compilation: enabled

Compilation events (10 events):
Event: 0.130 Thread 0x000000001c60b800  100       3       java.lang.Character::toUpperCase (9 bytes)
Event: 0.130 Thread 0x000000001c60b800 nmethod 100 0x0000000003169cd0 code [0x0000000003169e40, 0x000000000316a078]
Event: 0.130 Thread 0x000000001c60b800  101       1       java.security.CodeSource::getLocation (5 bytes)
Event: 0.130 Thread 0x000000001c60b800 nmethod 101 0x000000000316a150 code [0x000000000316a2a0, 0x000000000316a3b0]
Event: 0.131 Thread 0x000000001c60b800  102   !   3       java.lang.ClassLoader::loadClass (122 bytes)
Event: 0.132 Thread 0x000000001c60b800 nmethod 102 0x000000000316a410 code [0x000000000316a780, 0x000000000316caf8]
Event: 0.132 Thread 0x000000001c60b800  103       3       java.lang.ClassLoader::getClassLoadingLock (35 bytes)
Event: 0.132 Thread 0x000000001c60b800 nmethod 103 0x000000000316e310 code [0x000000000316e480, 0x000000000316e848]
Event: 0.132 Thread 0x000000001c60b800  104       3       java.util.BitSet::wordIndex (5 bytes)
Event: 0.132 Thread 0x000000001c60b800 nmethod 104 0x000000000316e9d0 code [0x000000000316eb20, 0x000000000316ec50]

GC Heap History (1 events):
Event: 0.133 GC heap before
{Heap before GC invocations=1 (full 0):
 PSYoungGen      total 2048K, used 1536K [0x000000076b600000, 0x000000076b880000, 0x00000007c0000000)
  eden space 1536K, 100% used [0x000000076b600000,0x000000076b780000,0x000000076b780000)
  from space 512K, 0% used [0x000000076b800000,0x000000076b800000,0x000000076b880000)
  to   space 512K, 0% used [0x000000076b780000,0x000000076b780000,0x000000076b800000)
 ParOldGen       total 5632K, used 0K [0x00000006c2200000, 0x00000006c2780000, 0x000000076b600000)
  object space 5632K, 0% used [0x00000006c2200000,0x00000006c2200000,0x00000006c2780000)
 Metaspace       used 3399K, capacity 4812K, committed 5120K, reserved 1056768K
  class space    used 392K, capacity 456K, committed 512K, reserved 1048576K

Deoptimization events (0 events):
No events

Classes redefined (0 events):
No events

Internal exceptions (2 events):
Event: 0.034 Thread 0x0000000002f32800 Exception <a 'java/lang/NoSuchMethodError': Method sun.misc.Unsafe.defineClass(Ljava/lang/String;[BII)Ljava/lang/Class; name or signature does not match> (0x000000076b607cd8) thrown at [C:\re\workspace\8-2-build-windows-amd64-cygwin\jdk8u152\9742\hotspot\
Event: 0.034 Thread 0x0000000002f32800 Exception <a 'java/lang/NoSuchMethodError': Method sun.misc.Unsafe.prefetchRead(Ljava/lang/Object;J)V name or signature does not match> (0x000000076b607fc0) thrown at [C:\re\workspace\8-2-build-windows-amd64-cygwin\jdk8u152\9742\hotspot\src\share\vm\prims

Events (10 events):
Event: 0.132 loading class java/util/LinkedHashMap$LinkedEntrySet done
Event: 0.132 loading class java/util/LinkedHashMap$LinkedEntryIterator
Event: 0.132 loading class java/util/LinkedHashMap$LinkedHashIterator
Event: 0.132 loading class java/util/LinkedHashMap$LinkedHashIterator done
Event: 0.132 loading class java/util/LinkedHashMap$LinkedEntryIterator done
Event: 0.132 loading class sun/misc/Launcher$BootClassPathHolder
Event: 0.132 loading class sun/misc/Launcher$BootClassPathHolder done
Event: 0.132 loading class sun/misc/Launcher$BootClassPathHolder$1
Event: 0.132 loading class sun/misc/Launcher$BootClassPathHolder$1 done
Event: 0.133 Executing VM operation: ParallelGCFailedAllocation


Dynamic libraries:
0x00007ff683d00000 - 0x00007ff683d07000 	C:\Program Files\Java\jdk1.8.0_152\bin\javac.exe
0x00007ffbeaf20000 - 0x00007ffbeb110000 	C:\WINDOWS\SYSTEM32\ntdll.dll
0x00007ffbe9130000 - 0x00007ffbe91e2000 	C:\WINDOWS\System32\KERNEL32.DLL
0x00007ffbe8d30000 - 0x00007ffbe8fd2000 	C:\WINDOWS\System32\KERNELBASE.dll
0x000000006b310000 - 0x000000006b3e2000 	C:\Program Files\Java\jdk1.8.0_152\bin\MSVCR100.dll
0x000000006b2e0000 - 0x000000006b30f000 	C:\Program Files\Java\jdk1.8.0_152\bin\jli.dll
0x00007ffbea1d0000 - 0x00007ffbea273000 	C:\WINDOWS\System32\ADVAPI32.dll
0x00007ffbeaae0000 - 0x00007ffbeab7e000 	C:\WINDOWS\System32\msvcrt.dll
0x00007ffbe9ea0000 - 0x00007ffbe9f37000 	C:\WINDOWS\System32\sechost.dll
0x00007ffbeab80000 - 0x00007ffbeaca0000 	C:\WINDOWS\System32\RPCRT4.dll
0x00007ffbea280000 - 0x00007ffbea413000 	C:\WINDOWS\System32\USER32.dll
0x00007ffbe7eb0000 - 0x00007ffbe7ed1000 	C:\WINDOWS\System32\win32u.dll
0x00007ffbea0d0000 - 0x00007ffbea0f6000 	C:\WINDOWS\System32\GDI32.dll
0x00007ffbe7ee0000 - 0x00007ffbe8074000 	C:\WINDOWS\System32\gdi32full.dll
0x00007ffbe81e0000 - 0x00007ffbe827e000 	C:\WINDOWS\System32\msvcp_win.dll
0x00007ffbe8080000 - 0x00007ffbe817a000 	C:\WINDOWS\System32\ucrtbase.dll
0x00007ffbe72d0000 - 0x00007ffbe7555000 	C:\WINDOWS\WinSxS\amd64_microsoft.windows.common-controls_6595b64144ccf1df_6.0.18362.30_none_a1435978519dce7f\COMCTL32.dll
0x00007ffbea6c0000 - 0x00007ffbea9f6000 	C:\WINDOWS\System32\combase.dll
0x00007ffbe8280000 - 0x00007ffbe8301000 	C:\WINDOWS\System32\bcryptPrimitives.dll
0x00007ffbea040000 - 0x00007ffbea06e000 	C:\WINDOWS\System32\IMM32.DLL
0x00007ffbdaa00000 - 0x00007ffbdaaac000 	C:\Windows\system32\tmumh\20019\AddOn\7.0.0.1169\TmUmEvt64.dll
0x00007ffbe9fc0000 - 0x00007ffbe9fc8000 	C:\WINDOWS\System32\PSAPI.DLL
0x00007ffbea070000 - 0x00007ffbea0c2000 	C:\WINDOWS\System32\SHLWAPI.dll
0x000000006e500000 - 0x000000006e61d000 	C:\Windows\system32\tmumh\20019\TmMon\2.5.0.2090\tmmon64.dll
0x000000006b200000 - 0x000000006b2d2000 	C:\Program Files\Java\jdk1.8.0_152\jre\bin\msvcr100.dll
0x000000006a960000 - 0x000000006b200000 	C:\Program Files\Java\jdk1.8.0_152\jre\bin\server\jvm.dll
0x00007ffbd5c90000 - 0x00007ffbd5c99000 	C:\WINDOWS\SYSTEM32\WSOCK32.dll
0x00007ffbe9fd0000 - 0x00007ffbea03f000 	C:\WINDOWS\System32\WS2_32.dll
0x00007ffbe5250000 - 0x00007ffbe5274000 	C:\WINDOWS\SYSTEM32\WINMM.dll
0x00007ffbe5c60000 - 0x00007ffbe5c6a000 	C:\WINDOWS\SYSTEM32\VERSION.dll
0x00007ffbe5220000 - 0x00007ffbe524d000 	C:\WINDOWS\SYSTEM32\WINMMBASE.dll
0x00007ffbe8ce0000 - 0x00007ffbe8d2a000 	C:\WINDOWS\System32\cfgmgr32.dll
0x000000006a950000 - 0x000000006a95f000 	C:\Program Files\Java\jdk1.8.0_152\jre\bin\verify.dll
0x000000006a920000 - 0x000000006a949000 	C:\Program Files\Java\jdk1.8.0_152\jre\bin\java.dll
0x000000006a900000 - 0x000000006a916000 	C:\Program Files\Java\jdk1.8.0_152\jre\bin\zip.dll
0x00007ffbe9710000 - 0x00007ffbe9df0000 	C:\WINDOWS\System32\SHELL32.dll
0x00007ffbe9df0000 - 0x00007ffbe9e99000 	C:\WINDOWS\System32\shcore.dll
0x00007ffbe8530000 - 0x00007ffbe8cab000 	C:\WINDOWS\System32\windows.storage.dll
0x00007ffbe7e20000 - 0x00007ffbe7e3f000 	C:\WINDOWS\System32\profapi.dll
0x00007ffbe7e40000 - 0x00007ffbe7e8a000 	C:\WINDOWS\System32\powrprof.dll
0x00007ffbe7df0000 - 0x00007ffbe7e00000 	C:\WINDOWS\System32\UMPDC.dll
0x00007ffbe7e90000 - 0x00007ffbe7ea1000 	C:\WINDOWS\System32\kernel.appcore.dll
0x00007ffbe8510000 - 0x00007ffbe8527000 	C:\WINDOWS\System32\cryptsp.dll
0x00007ffbe7910000 - 0x00007ffbe7b04000 	C:\WINDOWS\SYSTEM32\dbghelp.dll

VM Arguments:
jvm_args: -Dapplication.home=C:\Program Files\Java\jdk1.8.0_152 -Xms8m 
java_command: com.sun.tools.javac.Main Thread.java
java_class_path (initial): C:\Program Files\Java\jdk1.8.0_152/lib/tools.jar;C:\Program Files\Java\jdk1.8.0_152/classes
Launcher Type: SUN_STANDARD

Environment Variables:
JAVA_HOME=C:\Program Files\Java\jdk1.8.0_152
PATH=C:\oraclexe\app\oracle\product\11.2.0\server\bin;C:\Program Files (x86)\Common Files\Oracle\Java\javapath;C:\WINDOWS\system32;C:\WINDOWS;C:\WINDOWS\System32\Wbem;C:\WINDOWS\System32\WindowsPowerShell\v1.0\;C:\WINDOWS\System32\OpenSSH\;C:\Program Files\nodejs\;C:\Program Files (x86)\Microsoft SQL Server\150\DTS\Binn\;C:\Program Files\TortoiseGit\bin;C:\Program Files\Git\cmd;C:\Program Files\Java\jdk1.8.0_152\bin;E:\apache-maven-3.6.1\bin;C:\Users\sagar.sinha\AppData\Roaming\npm;C:\Program Files\Java\jdk1.8.0_152\bin;C:\Users\karnika.agarwal\AppData\Local\Microsoft\WindowsApps;
USERNAME=karnika.agarwal
OS=Windows_NT
PROCESSOR_IDENTIFIER=Intel64 Family 6 Model 94 Stepping 3, GenuineIntel



---------------  S Y S T E M  ---------------

OS: Windows 10.0 , 64 bit Build 18362 (10.0.18362.1)

CPU:total 4 (initial active 4) (4 cores per cpu, 1 threads per core) family 6 model 94 stepping 3, cmov, cx8, fxsr, mmx, sse, sse2, sse3, ssse3, sse4.1, sse4.2, popcnt, avx, avx2, aes, clmul, erms, rtm, 3dnowpref, lzcnt, tsc, tscinvbit, bmi1, bmi2, adx

Memory: 4k page, physical 16636436k(9558692k free), swap 33413652k(26331472k free)

vm_info: Java HotSpot(TM) 64-Bit Server VM (25.152-b16) for windows-amd64 JRE (1.8.0_152-b16), built on Sep 14 2017 02:29:36 by "java_re" with MS VC++ 10.0 (VS2010)

time: Sat Oct 12 15:34:42 2019
elapsed time: 0 seconds (0d 0h 0m 0s)

