#
# A fatal error has been detected by the Java Runtime Environment:
#
#  EXCEPTION_ACCESS_VIOLATION (0xc0000005) at pc=0x000000006adafd3f, pid=4612, tid=0x00000000000014bc
#
# JRE version: Java(TM) SE Runtime Environment (8.0_152-b16) (build 1.8.0_152-b16)
# Java VM: Java HotSpot(TM) 64-Bit Server VM (25.152-b16 mixed mode windows-amd64 compressed oops)
# Problematic frame:
# V  [ADVAPI32.dll+0x44fd3f]
#
# Failed to write core dump. Minidumps are not enabled by default on client versions of Windows
#
# If you would like to submit a bug report, please visit:
#   http://bugreport.java.com/bugreport/crash.jsp
#

---------------  T H R E A D  ---------------

Current thread (0x000000001cbcb000):  JavaThread "C1 CompilerThread2" daemon [_thread_in_native, id=5308, stack(0x000000001e430000,0x000000001e530000)]

siginfo: ExceptionCode=0xc0000005, reading address 0x000000001edc4668

Registers:
RAX=0x000000006afc3330, RBX=0x000000001e5c5990, RCX=0x000000001e52ee50, RDX=0x000000001e5c5988
RSP=0x000000001e52eb20, RBP=0x000000000000000e, RSI=0x000000001edc4650, RDI=0x0000000000000002
R8 =0x000000001e52ee40, R9 =0x000000001e5e9360, R10=0x000000001e6159e8, R11=0x000000001cbf8980
R12=0x000000001e5c5920, R13=0x000000001e52ee50, R14=0xffffffffffffffff, R15=0x0000000000000000
RIP=0x000000006adafd3f, EFLAGS=0x0000000000010206

Top of Stack: (sp=0x000000001e52eb20)
0x000000001e52eb20:   000000001e5c5988 000000006ad82c59
0x000000001e52eb30:   000000001e54efe0 0000000000000000
0x000000001e52eb40:   000000000000000e 000000001e5c5980
0x000000001e52eb50:   000000000000000e 000000006ad82c59
0x000000001e52eb60:   0000000000000000 000000001e5c4630
0x000000001e52eb70:   0000000000000000 000000001e5c4c60
0x000000001e52eb80:   0000000000000000 000000001e5c45c0
0x000000001e52eb90:   0000000000000000 000000001e5c4cd0
0x000000001e52eba0:   000000001e52ee50 0000000000000000
0x000000001e52ebb0:   000000001e554ff0 000000006ad81dd0
0x000000001e52ebc0:   000000001e5c5850 000000001e52ee40
0x000000001e52ebd0:   000000001e52ee50 0000000000000000
0x000000001e52ebe0:   000000001e557350 000000006ad83ef1
0x000000001e52ebf0:   000000001e5c5850 000000001e52ee40
0x000000001e52ec00:   000000001e557350 0000000000000000
0x000000001e52ec10:   000000001e52ee40 000000006ad82bee 

Instructions: (pc=0x000000006adafd3f)
0x000000006adafd1f:   0f 29 44 24 20 8b 6c 24 20 f2 0f 11 4c 24 30 85
0x000000006adafd2f:   ed 7e 3e 48 8b 5c 24 28 48 8b 33 48 85 f6 74 27
0x000000006adafd3f:   48 8b 46 18 83 78 0c 08 74 1d 49 8b 45 00 48 8b
0x000000006adafd4f:   d3 49 8b cd ff 10 4c 8b 5e 18 41 83 7b 08 02 75 


Register to memory mapping:

RAX=0x000000006afc3330 is an unknown value
RBX=0x000000001e5c5990 is an unknown value
RCX=0x000000001e52ee50 is pointing into the stack for thread: 0x000000001cbcb000
RDX=0x000000001e5c5988 is an unknown value
RSP=0x000000001e52eb20 is pointing into the stack for thread: 0x000000001cbcb000
RBP=0x000000000000000e is an unknown value
RSI=0x000000001edc4650 is an unknown value
RDI=0x0000000000000002 is an unknown value
R8 =0x000000001e52ee40 is pointing into the stack for thread: 0x000000001cbcb000
R9 =0x000000001e5e9360 is an unknown value
R10=0x000000001e6159e8 is an unknown value
R11=0x000000001cbf8980 is an unknown value
R12=0x000000001e5c5920 is an unknown value
R13=0x000000001e52ee50 is pointing into the stack for thread: 0x000000001cbcb000
R14=0xffffffffffffffff is an unknown value
R15=0x0000000000000000 is an unknown value


Stack: [0x000000001e430000,0x000000001e530000],  sp=0x000000001e52eb20,  free space=1018k
Native frames: (J=compiled Java code, j=interpreted, Vv=VM code, C=native code)
V  [jvm.dll+0x44fd3f]
V  [jvm.dll+0x421dd0]
V  [jvm.dll+0x423ef1]
V  [jvm.dll+0x422bee]
V  [jvm.dll+0x422c59]
V  [jvm.dll+0x422c59]
V  [jvm.dll+0x422c59]
V  [jvm.dll+0x422c59]
V  [jvm.dll+0x422c59]
V  [jvm.dll+0x422c59]
V  [jvm.dll+0x422c59]
V  [jvm.dll+0x422c59]
V  [jvm.dll+0x4233e3]
V  [jvm.dll+0x413943]
V  [jvm.dll+0x420a3f]
V  [jvm.dll+0x425ae5]
V  [jvm.dll+0x425bf0]
V  [jvm.dll+0x40f1e8]
V  [jvm.dll+0x40f451]
V  [jvm.dll+0x40f612]
V  [jvm.dll+0x40f7e1]
V  [jvm.dll+0x40f9ef]
V  [jvm.dll+0xa6012]
V  [jvm.dll+0xa694f]
V  [jvm.dll+0x24553f]
V  [jvm.dll+0x29d0ba]
C  [MSVCR100.dll+0x21d9f]
C  [MSVCR100.dll+0x21e3b]
C  [KERNEL32.DLL+0x17944]
C  [ntdll.dll+0x6ce71]


Current CompileTask:
C1:    350  135       3       sun.nio.cs.UTF_8$Decoder::decode (779 bytes)


---------------  P R O C E S S  ---------------

Java Threads: ( => current thread )
  0x000000001cc1e000 JavaThread "Service Thread" daemon [_thread_blocked, id=2968, stack(0x000000001e930000,0x000000001ea30000)]
=>0x000000001cbcb000 JavaThread "C1 CompilerThread2" daemon [_thread_in_native, id=5308, stack(0x000000001e430000,0x000000001e530000)]
  0x000000001cbc9800 JavaThread "C2 CompilerThread1" daemon [_thread_blocked, id=5320, stack(0x000000001e330000,0x000000001e430000)]
  0x000000001cbbd800 JavaThread "C2 CompilerThread0" daemon [_thread_blocked, id=9240, stack(0x000000001e230000,0x000000001e330000)]
  0x000000001cbbc000 JavaThread "Attach Listener" daemon [_thread_blocked, id=10912, stack(0x000000001e130000,0x000000001e230000)]
  0x000000001cbbb000 JavaThread "Signal Dispatcher" daemon [_thread_blocked, id=8412, stack(0x000000001e030000,0x000000001e130000)]
  0x000000000363e000 JavaThread "Finalizer" daemon [_thread_blocked, id=8988, stack(0x000000001de20000,0x000000001df20000)]
  0x0000000003632000 JavaThread "Reference Handler" daemon [_thread_blocked, id=10308, stack(0x000000001dd20000,0x000000001de20000)]
  0x0000000003542800 JavaThread "main" [_thread_in_Java, id=9516, stack(0x0000000003440000,0x0000000003540000)]

Other Threads:
  0x000000001cb87000 VMThread [stack: 0x000000001dc20000,0x000000001dd20000] [id=10340]
  0x000000001e579800 WatcherThread [stack: 0x000000001ea30000,0x000000001eb30000] [id=10844]

VM state:not at safepoint (normal execution)

VM Mutex/Monitor currently owned by a thread: None

Heap:
 PSYoungGen      total 6656K, used 2967K [0x000000076b600000, 0x000000076bd00000, 0x00000007c0000000)
  eden space 6144K, 40% used [0x000000076b600000,0x000000076b869d20,0x000000076bc00000)
  from space 512K, 96% used [0x000000076bc80000,0x000000076bcfc010,0x000000076bd00000)
  to   space 512K, 0% used [0x000000076bc00000,0x000000076bc00000,0x000000076bc80000)
 ParOldGen       total 5632K, used 920K [0x00000006c2200000, 0x00000006c2780000, 0x000000076b600000)
  object space 5632K, 16% used [0x00000006c2200000,0x00000006c22e6050,0x00000006c2780000)
 Metaspace       used 7060K, capacity 8020K, committed 8192K, reserved 1056768K
  class space    used 877K, capacity 912K, committed 1024K, reserved 1048576K

Card table byte_map: [0x0000000012a00000,0x00000000131f0000] byte_map_base: 0x000000000f3ef000

Marking Bits: (ParMarkBitMap*) 0x000000006b180860
 Begin Bits: [0x0000000013b40000, 0x0000000017ab8000)
 End Bits:   [0x0000000017ab8000, 0x000000001ba30000)

Polling page: 0x00000000033b0000

CodeCache: size=245760Kb used=1409Kb max_used=1419Kb free=244350Kb
 bounds [0x0000000003640000, 0x00000000038b0000, 0x0000000012640000]
 total_blobs=436 nmethods=152 adapters=197
 compilation: enabled

Compilation events (10 events):
Event: 0.146 Thread 0x000000001cbcb000 nmethod 132 0x0000000003790d90 code [0x0000000003790f00, 0x0000000003791288]
Event: 0.146 Thread 0x000000001cbbd800  133       4       java.util.concurrent.ConcurrentHashMap::setTabAt (19 bytes)
Event: 0.147 Thread 0x000000001cbbd800 nmethod 133 0x0000000003788790 code [0x00000000037888c0, 0x0000000003788938]
Event: 0.148 Thread 0x000000001cbcb000  135       3       sun.nio.cs.UTF_8$Decoder::decode (779 bytes)
Event: 0.157 Thread 0x000000001cbc9800  140       4       java.lang.String::lastIndexOf (52 bytes)
Event: 0.158 Thread 0x000000001cbc9800 nmethod 140 0x0000000003792590 code [0x00000000037926c0, 0x0000000003792818]
Event: 0.162 Thread 0x000000001cbbd800  146       4       java.lang.String::startsWith (72 bytes)
Event: 0.164 Thread 0x000000001cbbd800 nmethod 146 0x0000000003791f10 code [0x0000000003792060, 0x0000000003792258]
Event: 0.173 Thread 0x000000001cbc9800  148       4       java.lang.Math::min (11 bytes)
Event: 0.173 Thread 0x000000001cbc9800 nmethod 148 0x0000000003791910 code [0x0000000003791a40, 0x0000000003791a98]

GC Heap History (4 events):
Event: 0.122 GC heap before
{Heap before GC invocations=1 (full 0):
 PSYoungGen      total 2048K, used 1536K [0x000000076b600000, 0x000000076b880000, 0x00000007c0000000)
  eden space 1536K, 100% used [0x000000076b600000,0x000000076b780000,0x000000076b780000)
  from space 512K, 0% used [0x000000076b800000,0x000000076b800000,0x000000076b880000)
  to   space 512K, 0% used [0x000000076b780000,0x000000076b780000,0x000000076b800000)
 ParOldGen       total 5632K, used 0K [0x00000006c2200000, 0x00000006c2780000, 0x000000076b600000)
  object space 5632K, 0% used [0x00000006c2200000,0x00000006c2200000,0x00000006c2780000)
 Metaspace       used 3401K, capacity 4812K, committed 5120K, reserved 1056768K
  class space    used 392K, capacity 456K, committed 512K, reserved 1048576K
Event: 0.124 GC heap after
Heap after GC invocations=1 (full 0):
 PSYoungGen      total 2048K, used 480K [0x000000076b600000, 0x000000076ba00000, 0x00000007c0000000)
  eden space 1536K, 0% used [0x000000076b600000,0x000000076b600000,0x000000076b780000)
  from space 512K, 93% used [0x000000076b780000,0x000000076b7f8020,0x000000076b800000)
  to   space 512K, 0% used [0x000000076b980000,0x000000076b980000,0x000000076ba00000)
 ParOldGen       total 5632K, used 56K [0x00000006c2200000, 0x00000006c2780000, 0x000000076b600000)
  object space 5632K, 0% used [0x00000006c2200000,0x00000006c220e000,0x00000006c2780000)
 Metaspace       used 3401K, capacity 4812K, committed 5120K, reserved 1056768K
  class space    used 392K, capacity 456K, committed 512K, reserved 1048576K
}
Event: 0.163 GC heap before
{Heap before GC invocations=2 (full 0):
 PSYoungGen      total 2048K, used 2006K [0x000000076b600000, 0x000000076ba00000, 0x00000007c0000000)
  eden space 1536K, 99% used [0x000000076b600000,0x000000076b77d848,0x000000076b780000)
  from space 512K, 93% used [0x000000076b780000,0x000000076b7f8020,0x000000076b800000)
  to   space 512K, 0% used [0x000000076b980000,0x000000076b980000,0x000000076ba00000)
 ParOldGen       total 5632K, used 56K [0x00000006c2200000, 0x00000006c2780000, 0x000000076b600000)
  object space 5632K, 0% used [0x00000006c2200000,0x00000006c220e000,0x00000006c2780000)
 Metaspace       used 4075K, capacity 5324K, committed 5504K, reserved 1056768K
  class space    used 484K, capacity 520K, committed 640K, reserved 1048576K
Event: 0.164 GC heap after
Heap after GC invocations=2 (full 0):
 PSYoungGen      total 3584K, used 480K [0x000000076b600000, 0x000000076ba00000, 0x00000007c0000000)
  eden space 3072K, 0% used [0x000000076b600000,0x000000076b600000,0x000000076b900000)
  from space 512K, 93% used [0x000000076b980000,0x000000076b9f8020,0x000000076ba00000)
  to   space 512K, 0% used [0x000000076b900000,0x000000076b900000,0x000000076b980000)
 ParOldGen       total 5632K, used 120K [0x00000006c2200000, 0x00000006c2780000, 0x000000076b600000)
  object space 5632K, 2% used [0x00000006c2200000,0x00000006c221e000,0x00000006c2780000)
 Metaspace       used 4075K, capacity 5324K, committed 5504K, reserved 1056768K
  class space    used 484K, capacity 520K, committed 640K, reserved 1048576K
}

Deoptimization events (0 events):
No events

Classes redefined (0 events):
No events

Internal exceptions (8 events):
Event: 0.031 Thread 0x0000000003542800 Exception <a 'java/lang/NoSuchMethodError': Method sun.misc.Unsafe.defineClass(Ljava/lang/String;[BII)Ljava/lang/Class; name or signature does not match> (0x000000076b607cd8) thrown at [C:\re\workspace\8-2-build-windows-amd64-cygwin\jdk8u152\9742\hotspot\
Event: 0.031 Thread 0x0000000003542800 Exception <a 'java/lang/NoSuchMethodError': Method sun.misc.Unsafe.prefetchRead(Ljava/lang/Object;J)V name or signature does not match> (0x000000076b607fc0) thrown at [C:\re\workspace\8-2-build-windows-amd64-cygwin\jdk8u152\9742\hotspot\src\share\vm\prims
Event: 0.127 Thread 0x0000000003542800 Exception <a 'java/security/PrivilegedActionException'> (0x000000076b60fab8) thrown at [C:\re\workspace\8-2-build-windows-amd64-cygwin\jdk8u152\9742\hotspot\src\share\vm\prims\jvm.cpp, line 1390]
Event: 0.127 Thread 0x0000000003542800 Exception <a 'java/security/PrivilegedActionException'> (0x000000076b60feb0) thrown at [C:\re\workspace\8-2-build-windows-amd64-cygwin\jdk8u152\9742\hotspot\src\share\vm\prims\jvm.cpp, line 1390]
Event: 0.128 Thread 0x0000000003542800 Exception <a 'java/security/PrivilegedActionException'> (0x000000076b613fe8) thrown at [C:\re\workspace\8-2-build-windows-amd64-cygwin\jdk8u152\9742\hotspot\src\share\vm\prims\jvm.cpp, line 1390]
Event: 0.128 Thread 0x0000000003542800 Exception <a 'java/security/PrivilegedActionException'> (0x000000076b6143e0) thrown at [C:\re\workspace\8-2-build-windows-amd64-cygwin\jdk8u152\9742\hotspot\src\share\vm\prims\jvm.cpp, line 1390]
Event: 0.130 Thread 0x0000000003542800 Exception <a 'java/security/PrivilegedActionException'> (0x000000076b649c00) thrown at [C:\re\workspace\8-2-build-windows-amd64-cygwin\jdk8u152\9742\hotspot\src\share\vm\prims\jvm.cpp, line 1390]
Event: 0.130 Thread 0x0000000003542800 Exception <a 'java/security/PrivilegedActionException'> (0x000000076b649ff8) thrown at [C:\re\workspace\8-2-build-windows-amd64-cygwin\jdk8u152\9742\hotspot\src\share\vm\prims\jvm.cpp, line 1390]

Events (10 events):
Event: 0.182 loading class com/sun/tools/javac/code/Types$19
Event: 0.182 loading class com/sun/tools/javac/code/Types$19 done
Event: 0.182 loading class com/sun/tools/javac/code/Types$20
Event: 0.182 loading class com/sun/tools/javac/code/Types$20 done
Event: 0.182 loading class com/sun/tools/javac/code/Types$21
Event: 0.182 loading class com/sun/tools/javac/code/Types$21 done
Event: 0.183 loading class com/sun/tools/javac/code/Types$HasSameArgs
Event: 0.183 loading class com/sun/tools/javac/code/Types$HasSameArgs done
Event: 0.183 loading class com/sun/tools/javac/code/Types$MapVisitor
Event: 0.183 loading class com/sun/tools/javac/code/Types$MapVisitor done


Dynamic libraries:
0x00007ff683d00000 - 0x00007ff683d07000 	C:\Program Files\Java\jdk1.8.0_152\bin\javac.exe
0x00007ffbeaf20000 - 0x00007ffbeb110000 	C:\WINDOWS\SYSTEM32\ntdll.dll
0x00007ffbe9130000 - 0x00007ffbe91e2000 	C:\WINDOWS\System32\KERNEL32.DLL
0x00007ffbe8d30000 - 0x00007ffbe8fd2000 	C:\WINDOWS\System32\KERNELBASE.dll
0x000000006b2e0000 - 0x000000006b3b2000 	C:\Program Files\Java\jdk1.8.0_152\bin\MSVCR100.dll
0x000000006b3c0000 - 0x000000006b3ef000 	C:\Program Files\Java\jdk1.8.0_152\bin\jli.dll
0x00007ffbea1d0000 - 0x00007ffbea273000 	C:\WINDOWS\System32\ADVAPI32.dll
0x00007ffbeaae0000 - 0x00007ffbeab7e000 	C:\WINDOWS\System32\msvcrt.dll
0x00007ffbe9ea0000 - 0x00007ffbe9f37000 	C:\WINDOWS\System32\sechost.dll
0x00007ffbeab80000 - 0x00007ffbeaca0000 	C:\WINDOWS\System32\RPCRT4.dll
0x00007ffbea280000 - 0x00007ffbea413000 	C:\WINDOWS\System32\USER32.dll
0x00007ffbe7eb0000 - 0x00007ffbe7ed1000 	C:\WINDOWS\System32\win32u.dll
0x00007ffbea0d0000 - 0x00007ffbea0f6000 	C:\WINDOWS\System32\GDI32.dll
0x00007ffbe7ee0000 - 0x00007ffbe8074000 	C:\WINDOWS\System32\gdi32full.dll
0x00007ffbe81e0000 - 0x00007ffbe827e000 	C:\WINDOWS\System32\msvcp_win.dll
0x00007ffbe8080000 - 0x00007ffbe817a000 	C:\WINDOWS\System32\ucrtbase.dll
0x00007ffbe72d0000 - 0x00007ffbe7555000 	C:\WINDOWS\WinSxS\amd64_microsoft.windows.common-controls_6595b64144ccf1df_6.0.18362.30_none_a1435978519dce7f\COMCTL32.dll
0x00007ffbea6c0000 - 0x00007ffbea9f6000 	C:\WINDOWS\System32\combase.dll
0x00007ffbe8280000 - 0x00007ffbe8301000 	C:\WINDOWS\System32\bcryptPrimitives.dll
0x00007ffbea040000 - 0x00007ffbea06e000 	C:\WINDOWS\System32\IMM32.DLL
0x00007ffbdaa00000 - 0x00007ffbdaaac000 	C:\Windows\system32\tmumh\20019\AddOn\7.0.0.1169\TmUmEvt64.dll
0x00007ffbe9fc0000 - 0x00007ffbe9fc8000 	C:\WINDOWS\System32\PSAPI.DLL
0x00007ffbea070000 - 0x00007ffbea0c2000 	C:\WINDOWS\System32\SHLWAPI.dll
0x000000006e500000 - 0x000000006e61d000 	C:\Windows\system32\tmumh\20019\TmMon\2.5.0.2090\tmmon64.dll
0x000000006b200000 - 0x000000006b2d2000 	C:\Program Files\Java\jdk1.8.0_152\jre\bin\msvcr100.dll
0x000000006a960000 - 0x000000006b200000 	C:\Program Files\Java\jdk1.8.0_152\jre\bin\server\jvm.dll
0x00007ffbd5c90000 - 0x00007ffbd5c99000 	C:\WINDOWS\SYSTEM32\WSOCK32.dll
0x00007ffbe9fd0000 - 0x00007ffbea03f000 	C:\WINDOWS\System32\WS2_32.dll
0x00007ffbe5250000 - 0x00007ffbe5274000 	C:\WINDOWS\SYSTEM32\WINMM.dll
0x00007ffbe5c60000 - 0x00007ffbe5c6a000 	C:\WINDOWS\SYSTEM32\VERSION.dll
0x00007ffbe5220000 - 0x00007ffbe524d000 	C:\WINDOWS\SYSTEM32\WINMMBASE.dll
0x00007ffbe8ce0000 - 0x00007ffbe8d2a000 	C:\WINDOWS\System32\cfgmgr32.dll
0x000000006a950000 - 0x000000006a95f000 	C:\Program Files\Java\jdk1.8.0_152\jre\bin\verify.dll
0x000000006a920000 - 0x000000006a949000 	C:\Program Files\Java\jdk1.8.0_152\jre\bin\java.dll
0x000000006a900000 - 0x000000006a916000 	C:\Program Files\Java\jdk1.8.0_152\jre\bin\zip.dll
0x00007ffbe9710000 - 0x00007ffbe9df0000 	C:\WINDOWS\System32\SHELL32.dll
0x00007ffbe9df0000 - 0x00007ffbe9e99000 	C:\WINDOWS\System32\shcore.dll
0x00007ffbe8530000 - 0x00007ffbe8cab000 	C:\WINDOWS\System32\windows.storage.dll
0x00007ffbe7e20000 - 0x00007ffbe7e3f000 	C:\WINDOWS\System32\profapi.dll
0x00007ffbe7e40000 - 0x00007ffbe7e8a000 	C:\WINDOWS\System32\powrprof.dll
0x00007ffbe7df0000 - 0x00007ffbe7e00000 	C:\WINDOWS\System32\UMPDC.dll
0x00007ffbe7e90000 - 0x00007ffbe7ea1000 	C:\WINDOWS\System32\kernel.appcore.dll
0x00007ffbe8510000 - 0x00007ffbe8527000 	C:\WINDOWS\System32\cryptsp.dll
0x00007ffbe7910000 - 0x00007ffbe7b04000 	C:\WINDOWS\SYSTEM32\dbghelp.dll

VM Arguments:
jvm_args: -Dapplication.home=C:\Program Files\Java\jdk1.8.0_152 -Xms8m 
java_command: com.sun.tools.javac.Main Thread.java
java_class_path (initial): C:\Program Files\Java\jdk1.8.0_152/lib/tools.jar;C:\Program Files\Java\jdk1.8.0_152/classes
Launcher Type: SUN_STANDARD

Environment Variables:
JAVA_HOME=C:\Program Files\Java\jdk1.8.0_152
PATH=C:\oraclexe\app\oracle\product\11.2.0\server\bin;C:\Program Files (x86)\Common Files\Oracle\Java\javapath;C:\WINDOWS\system32;C:\WINDOWS;C:\WINDOWS\System32\Wbem;C:\WINDOWS\System32\WindowsPowerShell\v1.0\;C:\WINDOWS\System32\OpenSSH\;C:\Program Files\nodejs\;C:\Program Files (x86)\Microsoft SQL Server\150\DTS\Binn\;C:\Program Files\TortoiseGit\bin;C:\Program Files\Git\cmd;C:\Program Files\Java\jdk1.8.0_152\bin;E:\apache-maven-3.6.1\bin;C:\Users\sagar.sinha\AppData\Roaming\npm;C:\Program Files\Java\jdk1.8.0_152\bin;C:\Users\karnika.agarwal\AppData\Local\Microsoft\WindowsApps;
USERNAME=karnika.agarwal
OS=Windows_NT
PROCESSOR_IDENTIFIER=Intel64 Family 6 Model 94 Stepping 3, GenuineIntel



---------------  S Y S T E M  ---------------

OS: Windows 10.0 , 64 bit Build 18362 (10.0.18362.1)

CPU:total 4 (initial active 4) (4 cores per cpu, 1 threads per core) family 6 model 94 stepping 3, cmov, cx8, fxsr, mmx, sse, sse2, sse3, ssse3, sse4.1, sse4.2, popcnt, avx, avx2, aes, clmul, erms, rtm, 3dnowpref, lzcnt, tsc, tscinvbit, bmi1, bmi2, adx

Memory: 4k page, physical 16636436k(9537576k free), swap 33413652k(26306024k free)

vm_info: Java HotSpot(TM) 64-Bit Server VM (25.152-b16) for windows-amd64 JRE (1.8.0_152-b16), built on Sep 14 2017 02:29:36 by "java_re" with MS VC++ 10.0 (VS2010)

time: Sat Oct 12 15:33:25 2019
elapsed time: 0 seconds (0d 0h 0m 0s)

