#
# A fatal error has been detected by the Java Runtime Environment:
#
#  EXCEPTION_ACCESS_VIOLATION (0xc0000005) at pc=0x000000000318521a, pid=2632, tid=0x00000000000028b4
#
# JRE version: Java(TM) SE Runtime Environment (8.0_152-b16) (build 1.8.0_152-b16)
# Java VM: Java HotSpot(TM) 64-Bit Server VM (25.152-b16 mixed mode windows-amd64 compressed oops)
# Problematic frame:
# j  sun.net.util.URLUtil.urlNoFragString(Ljava/net/URL;)Ljava/lang/String;+0
#
# Failed to write core dump. Minidumps are not enabled by default on client versions of Windows
#
# If you would like to submit a bug report, please visit:
#   http://bugreport.java.com/bugreport/crash.jsp
#

---------------  T H R E A D  ---------------

Current thread (0x0000000003062800):  JavaThread "main" [_thread_in_Java, id=10420, stack(0x0000000002ea0000,0x0000000002fa0000)]

siginfo: ExceptionCode=0xc0000005, reading address 0x00000007c080dbca

Registers:
RAX=0x000000001bf36cb8, RBX=0x00000000000000bb, RCX=0x0000000000000030, RDX=0x000000000000003a
RSP=0x0000000002f9cb20, RBP=0x0000000002f9cb60, RSI=0x00000007c080da58, RDI=0x0000000000000000
R8 =0x000000000000000d, R9 =0x0000000002898130, R10=0x000000006b16ba90, R11=0x00000000030d07f0
R12=0x0000000000000000, R13=0x000000001bf37210, R14=0x0000000002f9cb90, R15=0x0000000003062800
RIP=0x000000000318521a, EFLAGS=0x0000000000010246

Top of Stack: (sp=0x0000000002f9cb20)
0x0000000002f9cb20:   0000000002f9cb20 000000001bf37210
0x0000000002f9cb30:   0000000002f9cb90 000000001bf374b8
0x0000000002f9cb40:   0000000000000000 000000001bf37298
0x0000000002f9cb50:   0000000000000000 0000000002f9cb90
0x0000000002f9cb60:   0000000002f9cbd8 00000000031680e0
0x0000000002f9cb70:   0000000000000000 0000000000000000
0x0000000002f9cb80:   0000000000000000 0000000000000000
0x0000000002f9cb90:   000000076b679ac8 0000000002f9cb98
0x0000000002f9cba0:   000000001bf471e7 0000000002f9cc08
0x0000000002f9cbb0:   000000001bf47358 0000000000000000
0x0000000002f9cbc0:   000000001bf47248 0000000002f9cb90
0x0000000002f9cbd0:   0000000002f9cc08 0000000002f9cc50
0x0000000002f9cbe0:   00000000031680e0 0000000000000000
0x0000000002f9cbf0:   000000076b679ac8 0000000000000000
0x0000000002f9cc00:   000000076b679ab0 000000076b65cf80
0x0000000002f9cc10:   0000000002f9cc10 000000001bf472d1 

Instructions: (pc=0x000000000318521a)
0x00000000031851fa:   48 8b 75 e8 48 8b 76 08 48 8b 76 08 48 8b 46 08
0x000000000318520a:   80 7c 10 04 07 0f 85 dd 00 00 00 48 8b 74 d6 50
0x000000000318521a:   80 be 72 01 00 00 04 0f 85 cb 00 00 00 8b 56 08
0x000000000318522a:   f7 c2 01 00 00 00 0f 85 bc 00 00 00 49 8b 47 60 


Register to memory mapping:

RAX=0x000000001bf36cb8 is pointing into metadata
RBX=0x00000000000000bb is an unknown value
RCX=0x0000000000000030 is an unknown value
RDX=0x000000000000003a is an unknown value
RSP=0x0000000002f9cb20 is pointing into the stack for thread: 0x0000000003062800
RBP=0x0000000002f9cb60 is pointing into the stack for thread: 0x0000000003062800
RSI=0x00000007c080da58 is an unknown value
RDI=0x0000000000000000 is an unknown value
R8 =0x000000000000000d is an unknown value
R9 =0x0000000002898130 is an unknown value
R10=0x000000006b16ba90 is an unknown value
R11=0x00000000030d07f0 is an unknown value
R12=0x0000000000000000 is an unknown value
R13=0x000000001bf37210 is pointing into metadata
R14=0x0000000002f9cb90 is pointing into the stack for thread: 0x0000000003062800
R15=0x0000000003062800 is a thread


Stack: [0x0000000002ea0000,0x0000000002fa0000],  sp=0x0000000002f9cb20,  free space=1010k
Native frames: (J=compiled Java code, j=interpreted, Vv=VM code, C=native code)
C  0x000000000318521a


---------------  P R O C E S S  ---------------

Java Threads: ( => current thread )
  0x000000001e060800 JavaThread "Service Thread" daemon [_thread_blocked, id=7428, stack(0x000000001e430000,0x000000001e530000)]
  0x000000001c6f4000 JavaThread "C1 CompilerThread2" daemon [_thread_in_vm, id=6884, stack(0x000000001df30000,0x000000001e030000)]
  0x000000001c6e3800 JavaThread "C2 CompilerThread1" daemon [_thread_blocked, id=6448, stack(0x000000001de30000,0x000000001df30000)]
  0x000000001c6dc800 JavaThread "C2 CompilerThread0" daemon [_thread_in_vm, id=9164, stack(0x000000001dd30000,0x000000001de30000)]
  0x000000001c6db000 JavaThread "Attach Listener" daemon [_thread_blocked, id=9636, stack(0x000000001dc30000,0x000000001dd30000)]
  0x000000001c6da000 JavaThread "Signal Dispatcher" daemon [_thread_blocked, id=10320, stack(0x000000001db30000,0x000000001dc30000)]
  0x000000000315d000 JavaThread "Finalizer" daemon [_thread_blocked, id=8736, stack(0x000000001d930000,0x000000001da30000)]
  0x0000000003152000 JavaThread "Reference Handler" daemon [_thread_blocked, id=10928, stack(0x000000001d830000,0x000000001d930000)]
=>0x0000000003062800 JavaThread "main" [_thread_in_Java, id=10420, stack(0x0000000002ea0000,0x0000000002fa0000)]

Other Threads:
  0x000000001c6a7000 VMThread [stack: 0x000000001d730000,0x000000001d830000] [id=11160]
  0x000000001c73c000 WatcherThread [stack: 0x000000001e530000,0x000000001e630000] [id=10264]

VM state:not at safepoint (normal execution)

VM Mutex/Monitor currently owned by a thread:  ([mutex/lock_event])
[0x00000000030611d0] Compile_lock - owner thread: 0x000000001c6f4000

Heap:
 PSYoungGen      total 2048K, used 488K [0x000000076b600000, 0x000000076b880000, 0x00000007c0000000)
  eden space 1536K, 31% used [0x000000076b600000,0x000000076b67a0d8,0x000000076b780000)
  from space 512K, 0% used [0x000000076b800000,0x000000076b800000,0x000000076b880000)
  to   space 512K, 0% used [0x000000076b780000,0x000000076b780000,0x000000076b800000)
 ParOldGen       total 5632K, used 0K [0x00000006c2200000, 0x00000006c2780000, 0x000000076b600000)
  object space 5632K, 0% used [0x00000006c2200000,0x00000006c2200000,0x00000006c2780000)
 Metaspace       used 2524K, capacity 4480K, committed 4480K, reserved 1056768K
  class space    used 276K, capacity 384K, committed 384K, reserved 1048576K

Card table byte_map: [0x0000000012520000,0x0000000012d10000] byte_map_base: 0x000000000ef0f000

Marking Bits: (ParMarkBitMap*) 0x000000006b180860
 Begin Bits: [0x0000000013660000, 0x00000000175d8000)
 End Bits:   [0x00000000175d8000, 0x000000001b550000)

Polling page: 0x0000000002700000

CodeCache: size=245760Kb used=1108Kb max_used=1108Kb free=244651Kb
 bounds [0x0000000003160000, 0x00000000033d0000, 0x0000000012160000]
 total_blobs=252 nmethods=22 adapters=144
 compilation: enabled

Compilation events (10 events):
Event: 0.073 Thread 0x000000001c6f4000   19  s    3       java.lang.StringBuffer::append (13 bytes)
Event: 0.073 Thread 0x000000001c6f4000 nmethod 19 0x0000000003270810 code [0x00000000032709c0, 0x00000000032710f8]
Event: 0.073 Thread 0x000000001c6f4000   17       3       java.lang.String::<init> (82 bytes)
Event: 0.074 Thread 0x000000001c6f4000 nmethod 17 0x00000000032714d0 code [0x00000000032716a0, 0x0000000003271b98]
Event: 0.078 Thread 0x000000001c6f4000   20       3       java.util.HashMap::hash (20 bytes)
Event: 0.078 Thread 0x000000001c6f4000 nmethod 20 0x0000000003272610 code [0x0000000003272780, 0x00000000032729c8]
Event: 0.078 Thread 0x000000001c6f4000   21   !   3       java.io.BufferedReader::readLine (304 bytes)
Event: 0.078 Thread 0x000000001c6dc800   23       4       java.lang.String::equals (81 bytes)
Event: 0.080 Thread 0x000000001c6f4000 nmethod 21 0x0000000003272a90 code [0x0000000003272d20, 0x0000000003274468]
Event: 0.080 Thread 0x000000001c6f4000   26       1       java.lang.Object::<init> (1 bytes)

GC Heap History (0 events):
No events

Deoptimization events (0 events):
No events

Classes redefined (0 events):
No events

Internal exceptions (2 events):
Event: 0.032 Thread 0x0000000003062800 Exception <a 'java/lang/NoSuchMethodError': Method sun.misc.Unsafe.defineClass(Ljava/lang/String;[BII)Ljava/lang/Class; name or signature does not match> (0x000000076b607cd8) thrown at [C:\re\workspace\8-2-build-windows-amd64-cygwin\jdk8u152\9742\hotspot\
Event: 0.032 Thread 0x0000000003062800 Exception <a 'java/lang/NoSuchMethodError': Method sun.misc.Unsafe.prefetchRead(Ljava/lang/Object;J)V name or signature does not match> (0x000000076b607fc0) thrown at [C:\re\workspace\8-2-build-windows-amd64-cygwin\jdk8u152\9742\hotspot\src\share\vm\prims

Events (10 events):
Event: 0.077 loading class java/util/jar/JarEntry done
Event: 0.077 loading class java/util/jar/JarFile$JarFileEntry done
Event: 0.077 loading class java/util/zip/ZipFile$ZipFileInputStream
Event: 0.077 loading class java/util/zip/ZipFile$ZipFileInputStream done
Event: 0.077 loading class java/util/LinkedList
Event: 0.077 loading class java/util/AbstractSequentialList
Event: 0.078 loading class java/util/AbstractSequentialList done
Event: 0.078 loading class java/util/LinkedList done
Event: 0.078 loading class java/util/LinkedList$Node
Event: 0.078 loading class java/util/LinkedList$Node done


Dynamic libraries:
0x00007ff683d00000 - 0x00007ff683d07000 	C:\Program Files\Java\jdk1.8.0_152\bin\javac.exe
0x00007ffbeaf20000 - 0x00007ffbeb110000 	C:\WINDOWS\SYSTEM32\ntdll.dll
0x00007ffbe9130000 - 0x00007ffbe91e2000 	C:\WINDOWS\System32\KERNEL32.DLL
0x00007ffbe8d30000 - 0x00007ffbe8fd2000 	C:\WINDOWS\System32\KERNELBASE.dll
0x000000006b3c0000 - 0x000000006b3ef000 	C:\Program Files\Java\jdk1.8.0_152\bin\jli.dll
0x000000006b2e0000 - 0x000000006b3b2000 	C:\Program Files\Java\jdk1.8.0_152\bin\MSVCR100.dll
0x00007ffbea1d0000 - 0x00007ffbea273000 	C:\WINDOWS\System32\ADVAPI32.dll
0x00007ffbeaae0000 - 0x00007ffbeab7e000 	C:\WINDOWS\System32\msvcrt.dll
0x00007ffbe9ea0000 - 0x00007ffbe9f37000 	C:\WINDOWS\System32\sechost.dll
0x00007ffbeab80000 - 0x00007ffbeaca0000 	C:\WINDOWS\System32\RPCRT4.dll
0x00007ffbea280000 - 0x00007ffbea413000 	C:\WINDOWS\System32\USER32.dll
0x00007ffbe7eb0000 - 0x00007ffbe7ed1000 	C:\WINDOWS\System32\win32u.dll
0x00007ffbea0d0000 - 0x00007ffbea0f6000 	C:\WINDOWS\System32\GDI32.dll
0x00007ffbe7ee0000 - 0x00007ffbe8074000 	C:\WINDOWS\System32\gdi32full.dll
0x00007ffbe81e0000 - 0x00007ffbe827e000 	C:\WINDOWS\System32\msvcp_win.dll
0x00007ffbe8080000 - 0x00007ffbe817a000 	C:\WINDOWS\System32\ucrtbase.dll
0x00007ffbe72d0000 - 0x00007ffbe7555000 	C:\WINDOWS\WinSxS\amd64_microsoft.windows.common-controls_6595b64144ccf1df_6.0.18362.30_none_a1435978519dce7f\COMCTL32.dll
0x00007ffbea6c0000 - 0x00007ffbea9f6000 	C:\WINDOWS\System32\combase.dll
0x00007ffbe8280000 - 0x00007ffbe8301000 	C:\WINDOWS\System32\bcryptPrimitives.dll
0x00007ffbea040000 - 0x00007ffbea06e000 	C:\WINDOWS\System32\IMM32.DLL
0x00007ffbdaa00000 - 0x00007ffbdaaac000 	C:\Windows\system32\tmumh\20019\AddOn\7.0.0.1169\TmUmEvt64.dll
0x00007ffbe9fc0000 - 0x00007ffbe9fc8000 	C:\WINDOWS\System32\PSAPI.DLL
0x00007ffbea070000 - 0x00007ffbea0c2000 	C:\WINDOWS\System32\SHLWAPI.dll
0x000000006e500000 - 0x000000006e61d000 	C:\Windows\system32\tmumh\20019\TmMon\2.5.0.2090\tmmon64.dll
0x000000006b200000 - 0x000000006b2d2000 	C:\Program Files\Java\jdk1.8.0_152\jre\bin\msvcr100.dll
0x000000006a960000 - 0x000000006b200000 	C:\Program Files\Java\jdk1.8.0_152\jre\bin\server\jvm.dll
0x00007ffbd5c90000 - 0x00007ffbd5c99000 	C:\WINDOWS\SYSTEM32\WSOCK32.dll
0x00007ffbe9fd0000 - 0x00007ffbea03f000 	C:\WINDOWS\System32\WS2_32.dll
0x00007ffbe5250000 - 0x00007ffbe5274000 	C:\WINDOWS\SYSTEM32\WINMM.dll
0x00007ffbe5c60000 - 0x00007ffbe5c6a000 	C:\WINDOWS\SYSTEM32\VERSION.dll
0x00007ffbe5220000 - 0x00007ffbe524d000 	C:\WINDOWS\SYSTEM32\WINMMBASE.dll
0x00007ffbe8ce0000 - 0x00007ffbe8d2a000 	C:\WINDOWS\System32\cfgmgr32.dll
0x000000006a950000 - 0x000000006a95f000 	C:\Program Files\Java\jdk1.8.0_152\jre\bin\verify.dll
0x000000006a920000 - 0x000000006a949000 	C:\Program Files\Java\jdk1.8.0_152\jre\bin\java.dll
0x000000006a900000 - 0x000000006a916000 	C:\Program Files\Java\jdk1.8.0_152\jre\bin\zip.dll
0x00007ffbe9710000 - 0x00007ffbe9df0000 	C:\WINDOWS\System32\SHELL32.dll
0x00007ffbe9df0000 - 0x00007ffbe9e99000 	C:\WINDOWS\System32\shcore.dll
0x00007ffbe8530000 - 0x00007ffbe8cab000 	C:\WINDOWS\System32\windows.storage.dll
0x00007ffbe7e20000 - 0x00007ffbe7e3f000 	C:\WINDOWS\System32\profapi.dll
0x00007ffbe7e40000 - 0x00007ffbe7e8a000 	C:\WINDOWS\System32\powrprof.dll
0x00007ffbe7df0000 - 0x00007ffbe7e00000 	C:\WINDOWS\System32\UMPDC.dll
0x00007ffbe7e90000 - 0x00007ffbe7ea1000 	C:\WINDOWS\System32\kernel.appcore.dll
0x00007ffbe8510000 - 0x00007ffbe8527000 	C:\WINDOWS\System32\cryptsp.dll
0x00007ffbe7910000 - 0x00007ffbe7b04000 	C:\WINDOWS\SYSTEM32\dbghelp.dll

VM Arguments:
jvm_args: -Dapplication.home=C:\Program Files\Java\jdk1.8.0_152 -Xms8m 
java_command: com.sun.tools.javac.Main Thread.java
java_class_path (initial): C:\Program Files\Java\jdk1.8.0_152/lib/tools.jar;C:\Program Files\Java\jdk1.8.0_152/classes
Launcher Type: SUN_STANDARD

Environment Variables:
JAVA_HOME=C:\Program Files\Java\jdk1.8.0_152
PATH=C:\oraclexe\app\oracle\product\11.2.0\server\bin;C:\Program Files (x86)\Common Files\Oracle\Java\javapath;C:\WINDOWS\system32;C:\WINDOWS;C:\WINDOWS\System32\Wbem;C:\WINDOWS\System32\WindowsPowerShell\v1.0\;C:\WINDOWS\System32\OpenSSH\;C:\Program Files\nodejs\;C:\Program Files (x86)\Microsoft SQL Server\150\DTS\Binn\;C:\Program Files\TortoiseGit\bin;C:\Program Files\Git\cmd;C:\Program Files\Java\jdk1.8.0_152\bin;E:\apache-maven-3.6.1\bin;C:\Users\sagar.sinha\AppData\Roaming\npm;C:\Program Files\Java\jdk1.8.0_152\bin;C:\Users\karnika.agarwal\AppData\Local\Microsoft\WindowsApps;
USERNAME=karnika.agarwal
OS=Windows_NT
PROCESSOR_IDENTIFIER=Intel64 Family 6 Model 94 Stepping 3, GenuineIntel



---------------  S Y S T E M  ---------------

OS: Windows 10.0 , 64 bit Build 18362 (10.0.18362.1)

CPU:total 4 (initial active 4) (4 cores per cpu, 1 threads per core) family 6 model 94 stepping 3, cmov, cx8, fxsr, mmx, sse, sse2, sse3, ssse3, sse4.1, sse4.2, popcnt, avx, avx2, aes, clmul, erms, rtm, 3dnowpref, lzcnt, tsc, tscinvbit, bmi1, bmi2, adx

Memory: 4k page, physical 16636436k(9265372k free), swap 33413652k(25873184k free)

vm_info: Java HotSpot(TM) 64-Bit Server VM (25.152-b16) for windows-amd64 JRE (1.8.0_152-b16), built on Sep 14 2017 02:29:36 by "java_re" with MS VC++ 10.0 (VS2010)

time: Sat Oct 12 16:09:29 2019
elapsed time: 0 seconds (0d 0h 0m 0s)

